<?xml version="1.0" encoding="UTF-8"?>
<testsuites tests="25" failures="0" disabled="0" errors="0" timestamp="2016-01-13T16:01:11" time="0.002" name="AllTests">
  <testsuite name="LED_TC0001_State_S_BLINK_1S_Method_Blink" tests="1" failures="0" disabled="0" errors="0" time="0">
    <testcase name="Negative" status="run" time="0" classname="LED_TC0001_State_S_BLINK_1S_Method_Blink" />
  </testsuite>
  <testsuite name="LED_TC0002_State_S_BLINK_1S_Method_Blink" tests="1" failures="0" disabled="0" errors="0" time="0">
    <testcase name="Negative" status="run" time="0" classname="LED_TC0002_State_S_BLINK_1S_Method_Blink" />
  </testsuite>
  <testsuite name="LED_TC0003_State_S_BLINK_1S_Method_Blink" tests="1" failures="0" disabled="0" errors="0" time="0">
    <testcase name="Positive" status="run" time="0" classname="LED_TC0003_State_S_BLINK_1S_Method_Blink" />
  </testsuite>
  <testsuite name="LED_TC0004_State_S_BLINK_1S_Method_Blink" tests="1" failures="0" disabled="0" errors="0" time="0">
    <testcase name="Negative" status="run" time="0" classname="LED_TC0004_State_S_BLINK_1S_Method_Blink" />
  </testsuite>
  <testsuite name="LED_TC0005_State_S_BLINK_1S_Method_Off" tests="1" failures="0" disabled="0" errors="0" time="0">
    <testcase name="Negative" status="run" time="0" classname="LED_TC0005_State_S_BLINK_1S_Method_Off" />
  </testsuite>
  <testsuite name="LED_TC0006_State_S_BLINK_1S_Method_On" tests="1" failures="0" disabled="0" errors="0" time="0">
    <testcase name="Positive" status="run" time="0" classname="LED_TC0006_State_S_BLINK_1S_Method_On" />
  </testsuite>
  <testsuite name="LED_TC0007_State_S_BLINK_2S_Method_Blink" tests="1" failures="0" disabled="0" errors="0" time="0">
    <testcase name="Negative" status="run" time="0" classname="LED_TC0007_State_S_BLINK_2S_Method_Blink" />
  </testsuite>
  <testsuite name="LED_TC0008_State_S_BLINK_2S_Method_Blink" tests="1" failures="0" disabled="0" errors="0" time="0">
    <testcase name="Positive" status="run" time="0" classname="LED_TC0008_State_S_BLINK_2S_Method_Blink" />
  </testsuite>
  <testsuite name="LED_TC0009_State_S_BLINK_2S_Method_Blink" tests="1" failures="0" disabled="0" errors="0" time="0">
    <testcase name="Negative" status="run" time="0" classname="LED_TC0009_State_S_BLINK_2S_Method_Blink" />
  </testsuite>
  <testsuite name="LED_TC0010_State_S_BLINK_2S_Method_Blink" tests="1" failures="0" disabled="0" errors="0" time="0">
    <testcase name="Negative" status="run" time="0" classname="LED_TC0010_State_S_BLINK_2S_Method_Blink" />
  </testsuite>
  <testsuite name="LED_TC0011_State_S_BLINK_2S_Method_Off" tests="1" failures="0" disabled="0" errors="0" time="0">
    <testcase name="Negative" status="run" time="0" classname="LED_TC0011_State_S_BLINK_2S_Method_Off" />
  </testsuite>
  <testsuite name="LED_TC0012_State_S_BLINK_2S_Method_On" tests="1" failures="0" disabled="0" errors="0" time="0">
    <testcase name="Positive" status="run" time="0" classname="LED_TC0012_State_S_BLINK_2S_Method_On" />
  </testsuite>
  <testsuite name="LED_TC0013_State_S_OFF_Method_Blink" tests="1" failures="0" disabled="0" errors="0" time="0">
    <testcase name="Negative" status="run" time="0" classname="LED_TC0013_State_S_OFF_Method_Blink" />
  </testsuite>
  <testsuite name="LED_TC0014_State_S_OFF_Method_Blink" tests="1" failures="0" disabled="0" errors="0" time="0">
    <testcase name="Negative" status="run" time="0" classname="LED_TC0014_State_S_OFF_Method_Blink" />
  </testsuite>
  <testsuite name="LED_TC0015_State_S_OFF_Method_Blink" tests="1" failures="0" disabled="0" errors="0" time="0">
    <testcase name="Negative" status="run" time="0" classname="LED_TC0015_State_S_OFF_Method_Blink" />
  </testsuite>
  <testsuite name="LED_TC0016_State_S_OFF_Method_Blink" tests="1" failures="0" disabled="0" errors="0" time="0">
    <testcase name="Negative" status="run" time="0" classname="LED_TC0016_State_S_OFF_Method_Blink" />
  </testsuite>
  <testsuite name="LED_TC0017_State_S_OFF_Method_Off" tests="1" failures="0" disabled="0" errors="0" time="0">
    <testcase name="Negative" status="run" time="0" classname="LED_TC0017_State_S_OFF_Method_Off" />
  </testsuite>
  <testsuite name="LED_TC0018_State_S_OFF_Method_On" tests="1" failures="0" disabled="0" errors="0" time="0">
    <testcase name="Positive" status="run" time="0" classname="LED_TC0018_State_S_OFF_Method_On" />
  </testsuite>
  <testsuite name="LED_TC0019_State_S_ON_Method_Blink" tests="1" failures="0" disabled="0" errors="0" time="0">
    <testcase name="Negative" status="run" time="0" classname="LED_TC0019_State_S_ON_Method_Blink" />
  </testsuite>
  <testsuite name="LED_TC0020_State_S_ON_Method_Blink" tests="1" failures="0" disabled="0" errors="0" time="0">
    <testcase name="Positive" status="run" time="0" classname="LED_TC0020_State_S_ON_Method_Blink" />
  </testsuite>
  <testsuite name="LED_TC0021_State_S_ON_Method_Blink" tests="1" failures="0" disabled="0" errors="0" time="0">
    <testcase name="Positive" status="run" time="0" classname="LED_TC0021_State_S_ON_Method_Blink" />
  </testsuite>
  <testsuite name="LED_TC0022_State_S_ON_Method_Blink" tests="1" failures="0" disabled="0" errors="0" time="0">
    <testcase name="Negative" status="run" time="0" classname="LED_TC0022_State_S_ON_Method_Blink" />
  </testsuite>
  <testsuite name="LED_TC0023_State_S_ON_Method_Off" tests="1" failures="0" disabled="0" errors="0" time="0">
    <testcase name="Positive" status="run" time="0" classname="LED_TC0023_State_S_ON_Method_Off" />
  </testsuite>
  <testsuite name="LED_TC0024_State_S_ON_Method_On" tests="1" failures="0" disabled="0" errors="0" time="0.001">
    <testcase name="Negative" status="run" time="0" classname="LED_TC0024_State_S_ON_Method_On" />
  </testsuite>
  <testsuite name="LED_TEST_OPTION_GEN" tests="1" failures="0" disabled="0" errors="0" time="0">
    <testcase name="all" status="run" time="0" classname="LED_TEST_OPTION_GEN" />
  </testsuite>
</testsuites>
